<?xml version="1.0" encoding="UTF-8"?>
<!-- Generated by org.testng.reporters.JUnitReportReporter -->
<testsuite hostname="DELL" failures="0" tests="10" name="com.infi.acemoney.DDF.OrangeHRM" time="125.320" errors="0" timestamp="2021-04-03T12:21:31 IST" skipped="0">
  <testcase classname="com.infi.acemoney.DDF.OrangeHRM" name="login" time="12.174"/>
  <system-out/>
  <testcase classname="com.infi.acemoney.DDF.OrangeHRM" name="login" time="12.881"/>
  <system-out/>
  <testcase classname="com.infi.acemoney.DDF.OrangeHRM" name="login" time="11.375"/>
  <system-out/>
  <testcase classname="com.infi.acemoney.DDF.OrangeHRM" name="login" time="12.070"/>
  <system-out/>
  <testcase classname="com.infi.acemoney.DDF.OrangeHRM" name="login" time="12.091"/>
  <system-out/>
  <testcase classname="com.infi.acemoney.DDF.OrangeHRM" name="login" time="10.540"/>
  <system-out/>
  <testcase classname="com.infi.acemoney.DDF.OrangeHRM" name="login" time="19.130"/>
  <system-out/>
  <testcase classname="com.infi.acemoney.DDF.OrangeHRM" name="login" time="11.671"/>
  <system-out/>
  <testcase classname="com.infi.acemoney.DDF.OrangeHRM" name="login" time="12.003"/>
  <system-out/>
  <testcase classname="com.infi.acemoney.DDF.OrangeHRM" name="login" time="11.385"/>
  <system-out/>
</testsuite> <!-- com.infi.acemoney.DDF.OrangeHRM -->
