<?xml version="1.0" encoding="UTF-8"?>
<!-- Generated by org.testng.reporters.JUnitReportReporter -->
<testsuite hostname="DELL" failures="0" tests="4" name="com.infi.acemoney.basics.Facebookwithoutexcel" time="18.769" errors="0" timestamp="2021-03-27T11:53:30 IST" skipped="0">
  <testcase classname="com.infi.acemoney.basics.Facebookwithoutexcel" name="login" time="6.237"/>
  <system-out/>
  <testcase classname="com.infi.acemoney.basics.Facebookwithoutexcel" name="login" time="6.192"/>
  <system-out/>
  <testcase classname="com.infi.acemoney.basics.Facebookwithoutexcel" name="verifyTitle" time="0.031"/>
  <system-out/>
  <testcase classname="com.infi.acemoney.basics.Facebookwithoutexcel" name="login" time="6.309"/>
  <system-out/>
</testsuite> <!-- com.infi.acemoney.basics.Facebookwithoutexcel -->
