<?xml version="1.0" encoding="UTF-8"?>
<!-- Generated by org.testng.reporters.JUnitReportReporter -->
<testsuite hostname="DELL" failures="0" tests="1" name="com.infi.acemoney.basics.FbLogin" time="0.033" errors="0" timestamp="2021-05-29T11:37:11 IST" skipped="0">
  <testcase classname="com.infi.acemoney.basics.FbLogin" name="verifyTitle" time="0.033"/>
  <system-out/>
</testsuite> <!-- com.infi.acemoney.basics.FbLogin -->
