<?xml version="1.0" encoding="UTF-8"?>
<!-- Generated by org.testng.reporters.JUnitReportReporter -->
<testsuite skipped="0" hostname="DELL" name="com.infi.acemoney.basics.FbLogin" tests="1" failures="0" timestamp="2021-05-29T13:27:07 IST" time="0.054" errors="0">
  <testcase name="verifyTitle" time="0.054" classname="com.infi.acemoney.basics.FbLogin"/>
  <system-out/>
</testsuite> <!-- com.infi.acemoney.basics.FbLogin -->
